Save userinfo.properties To File
New Thread
正在验证登录状态.../Checking Login Status...
Exception in thread "New Thread Download" java.lang.NullPointerException
	at com.fireawayh.main.YunOffline.getCookie(YunOffline.java:188)
	at com.fireawayh.main.YunOffline.getClient(YunOffline.java:222)
	at com.fireawayh.main.YunOffline.initYunPan(YunOffline.java:138)
	at com.fireawayh.main.YunOffline.run(YunOffline.java:423)
	at java.lang.Thread.run(Thread.java:745)
Save userinfo.properties To File
New Thread
正在验证登录状态.../Checking Login Status...
Exception in thread "New Thread Download" java.lang.NullPointerException
	at com.fireawayh.main.YunOffline.getCookie(YunOffline.java:189)
	at com.fireawayh.main.YunOffline.getClient(YunOffline.java:223)
	at com.fireawayh.main.YunOffline.initYunPan(YunOffline.java:138)
	at com.fireawayh.main.YunOffline.run(YunOffline.java:424)
	at java.lang.Thread.run(Thread.java:745)
Save userinfo.properties To File
New Thread
正在验证登录状态.../Checking Login Status...
正在登录百度.../Login Now...
正在设置token参数.../Getting Login Token...
Save logintoken.properties To File
token ： c1a8b37c29d5fd5dfdbf441ebe10cb03
登录名:/Login as:剑仙乘仙剑
Save Cookie To File
登陆成功!/Login Success!
添加离线任务中!/Adding Offline Task!
Get Cookie From File
Save userinfo.properties To File
New Thread
正在验证登录状态.../Checking Login Status...
正在登录百度.../Login Now...
正在设置token参数.../Getting Login Token...
Save logintoken.properties To File
token ： ee3cc27397dcfcb55a920e1392aeddcb
登录名:/Login as:剑仙乘仙剑
Save Cookie To File
登陆成功!/Login Success!
添加离线任务中!/Adding Offline Task!
百度云Token/YunPan Token: null
Real Input is: null
Real Code is: null
Real Source is: http://www.fireawayh.info/images/Cryptography/CommUseKeys.png
Real panToken is: null
Get Cookie From File
添加任务成功!/Success!
Save userinfo.properties To File
New Thread
正在验证登录状态.../Checking Login Status...
Get Cookie From File
正在登录百度.../Login Now...
正在设置token参数.../Getting Login Token...
Save logintoken.properties To File
token ： ee3cc27397dcfcb55a920e1392aeddcb
